[35m[Appium][39m Welcome to Appium v1.22.3
[35m[Appium][39m Non-default server args:
[35m[Appium][39m   port: 51660
[35m[Appium][39m   loglevel: info
[35m[Appium][39m   tmpDir: C:\Users\zentrum3\AppData\Local\Temp\\Katalon\Appium\Temp1672164789335
[35m[Appium][39m   chromedriverPort: 51662
[35m[Appium][39m Deprecated server args:
[35m[Appium][39m   [31m--chromedriver-port[39m => --default-capabilities
[35m[Appium][39m Default capabilities, which will be added to each request unless overridden by desired capabilities:
[35m[Appium][39m   chromedriverPort: 51662
[35m[Appium][39m Appium REST http interface listener started on 0.0.0.0:51660
[35m[HTTP][39m [37m-->[39m [37mGET[39m [37m/wd/hub/status[39m
[35m[HTTP][39m [90m{}[39m
[35m[HTTP][39m [37m<-- GET /wd/hub/status [39m[32m200[39m [90m13 ms - 68[39m
[35m[HTTP][39m [90m[39m
[35m[HTTP][39m [37m-->[39m [37mGET[39m [37m/wd/hub/status[39m
[35m[HTTP][39m [90m{}[39m
[35m[HTTP][39m [37m<-- GET /wd/hub/status [39m[32m200[39m [90m2 ms - 68[39m
[35m[HTTP][39m [90m[39m
[35m[HTTP][39m [37m-->[39m [37mPOST[39m [37m/wd/hub/session[39m
[35m[HTTP][39m [90m{"desiredCapabilities":{"appActivity":".Settings","appPackage":"com.android.settings","newCommandTimeout":1800,"platformVersion":"11","automationName":"uiautomator2","autoGrantPermissions":true,"platformName":"Android","udid":"emulator-5554","deviceName":"emulator-5554 (sdk_gphone_x86 - Android 11)","platform":"ANDROID","systemPort":8278},"capabilities":{"firstMatch":[{"appium:appActivity":".Settings","appium:appPackage":"com.android.settings","appium:autoGrantPermissions":true,"appium:automationName":"uiautomator2","appium:deviceName":"emulator-5554 (sdk_gphone_x86 - Android 11)","appium:newCommandTimeout":1800,"platform":"ANDROID","platformName":"android","appium:platformVersion":"11","appium:systemPort":8278,"appium:udid":"emulator-5554"}]}}[39m
[35m[BaseDriver][39m The following capabilities are not standard capabilities and should have an extension prefix:
[35m[BaseDriver][39m   platform
[35m[BaseDriver][39m   chromedriverPort
[35m[Appium][39m Appium v1.22.3 creating new AndroidUiautomator2Driver (v1.70.1) session
[35m[BaseDriver][39m The following capabilities were provided, but are not recognized by Appium:
[35m[BaseDriver][39m   platform
[35m[BaseDriver][39m Session created with session id: d2f58df4-8d6d-44cc-905c-29af63c8718e
[35m[UiAutomator2][39m Starting 'com.android.settings' directly on the device
[35m[ADB][39m Found 3 'build-tools' folders under 'C:\Users\zentrum3\AppData\Local\Android\Sdk' (newest first):
[35m[ADB][39m     C:/Users/zentrum3/AppData/Local/Android/Sdk/build-tools/30.0.3
[35m[ADB][39m     C:/Users/zentrum3/AppData/Local/Android/Sdk/build-tools/29.0.2
[35m[ADB][39m     C:/Users/zentrum3/AppData/Local/Android/Sdk/build-tools/28.0.3
[35m[ADB][39m Using 'adb.exe' from 'C:\Users\zentrum3\AppData\Local\Android\Sdk\platform-tools\adb.exe'
[35m[AndroidDriver][39m Retrieving device list
[35m[AndroidDriver][39m Using device: emulator-5554
[35m[ADB][39m Using 'adb.exe' from 'C:\Users\zentrum3\AppData\Local\Android\Sdk\platform-tools\adb.exe'
[35m[ADB][39m Getting device platform version
[35m[UiAutomator2][39m Relaxing hidden api policy
[35m[AndroidDriver][39m No app sent in, not parsing package/activity
[35m[ADB][39m Using 'apksigner.jar' from 'C:\Users\zentrum3\AppData\Local\Android\Sdk\build-tools\30.0.3\lib\apksigner.jar'
[35m[ADB][39m 'C:\Users\zentrum3\AppData\Roaming\npm\node_modules\appium\node_modules\appium-uiautomator2-server\apks\appium-uiautomator2-server-v4.27.0.apk' is signed with the default certificate
[35m[ADB][39m 'C:\Users\zentrum3\AppData\Roaming\npm\node_modules\appium\node_modules\appium-uiautomator2-server\apks\appium-uiautomator2-server-debug-androidTest.apk' is signed with the default certificate
[35m[UiAutomator2][39m Server packages are not going to be (re)installed
[35m[ADB][39m Adding packages ["io.appium.settings","io.appium.uiautomator2.server","io.appium.uiautomator2.server.test"] to Doze whitelist
[35m[UiAutomator2][39m Starting UIAutomator2 server 4.27.0
[35m[UiAutomator2][39m Using UIAutomator2 server from 'C:\Users\zentrum3\AppData\Roaming\npm\node_modules\appium\node_modules\appium-uiautomator2-server\apks\appium-uiautomator2-server-v4.27.0.apk' and test from 'C:\Users\zentrum3\AppData\Roaming\npm\node_modules\appium\node_modules\appium-uiautomator2-server\apks\appium-uiautomator2-server-debug-androidTest.apk'
[35m[UiAutomator2][39m Waiting up to 30000ms for UiAutomator2 to be online...
[35m[WD Proxy][39m socket hang up
[35m[WD Proxy][39m socket hang up
[35m[WD Proxy][39m socket hang up
[35m[WD Proxy][39m Determined the downstream protocol as 'W3C'
[35m[AndroidDriver][39m Screen already unlocked, doing nothing
[35m[UiAutomator2][39m Starting 'com.android.settings/.Settings and waiting for 'com.android.settings/.Settings'
[35m[Appium][39m New AndroidUiautomator2Driver session created successfully, session d2f58df4-8d6d-44cc-905c-29af63c8718e added to master session list
[35m[HTTP][39m [37m<-- POST /wd/hub/session [39m[32m200[39m [90m14686 ms - 1185[39m
[35m[HTTP][39m [90m[39m
[35m[HTTP][39m [37m-->[39m [37mGET[39m [37m/wd/hub/session/d2f58df4-8d6d-44cc-905c-29af63c8718e[39m
[35m[HTTP][39m [90m{}[39m
[35m[HTTP][39m [37m<-- GET /wd/hub/session/d2f58df4-8d6d-44cc-905c-29af63c8718e [39m[32m200[39m [90m134 ms - 1139[39m
[35m[HTTP][39m [90m[39m
[35m[HTTP][39m [37m-->[39m [37mGET[39m [37m/wd/hub/session/d2f58df4-8d6d-44cc-905c-29af63c8718e[39m
[35m[HTTP][39m [90m{}[39m
[35m[HTTP][39m [37m<-- GET /wd/hub/session/d2f58df4-8d6d-44cc-905c-29af63c8718e [39m[32m200[39m [90m31 ms - 1139[39m
[35m[HTTP][39m [90m[39m
[35m[HTTP][39m [37m-->[39m [37mGET[39m [37m/wd/hub/status[39m
[35m[HTTP][39m [90m{}[39m
[35m[HTTP][39m [37m<-- GET /wd/hub/status [39m[32m200[39m [90m1 ms - 68[39m
[35m[HTTP][39m [90m[39m
[35m[HTTP][39m [37m-->[39m [37mPOST[39m [37m/wd/hub/session/d2f58df4-8d6d-44cc-905c-29af63c8718e/timeouts[39m
[35m[HTTP][39m [90m{"implicit":60000}[39m
[35m[HTTP][39m [37m<-- POST /wd/hub/session/d2f58df4-8d6d-44cc-905c-29af63c8718e/timeouts [39m[32m200[39m [90m7 ms - 14[39m
[35m[HTTP][39m [90m[39m
[35m[HTTP][39m [37m-->[39m [37mGET[39m [37m/wd/hub/session/d2f58df4-8d6d-44cc-905c-29af63c8718e/screenshot[39m
[35m[HTTP][39m [90m{}[39m
[35m[HTTP][39m [37m<-- GET /wd/hub/session/d2f58df4-8d6d-44cc-905c-29af63c8718e/screenshot [39m[32m200[39m [90m1843 ms - 203716[39m
[35m[HTTP][39m [90m[39m
[35m[HTTP][39m [37m-->[39m [37mGET[39m [37m/wd/hub/session/d2f58df4-8d6d-44cc-905c-29af63c8718e/window/rect[39m
[35m[HTTP][39m [90m{}[39m
[35m[HTTP][39m [37m<-- GET /wd/hub/session/d2f58df4-8d6d-44cc-905c-29af63c8718e/window/rect [39m[32m200[39m [90m212 ms - 50[39m
[35m[HTTP][39m [90m[39m
[35m[HTTP][39m [37m-->[39m [37mGET[39m [37m/wd/hub/session/d2f58df4-8d6d-44cc-905c-29af63c8718e/appium/device/system_bars[39m
[35m[HTTP][39m [90m{}[39m
[35m[HTTP][39m [37m<-- GET /wd/hub/session/d2f58df4-8d6d-44cc-905c-29af63c8718e/appium/device/system_bars [39m[32m200[39m [90m297 ms - 148[39m
[35m[HTTP][39m [90m[39m
[35m[HTTP][39m [37m-->[39m [37mPOST[39m [37m/wd/hub/session/d2f58df4-8d6d-44cc-905c-29af63c8718e/appium/device/activate_app[39m
[35m[HTTP][39m [90m{"bundleId":"com.google.android.calculator"}[39m
[35m[HTTP][39m [37m<-- POST /wd/hub/session/d2f58df4-8d6d-44cc-905c-29af63c8718e/appium/device/activate_app [39m[32m200[39m [90m829 ms - 14[39m
[35m[HTTP][39m [90m[39m
[35m[HTTP][39m [37m-->[39m [37mGET[39m [37m/wd/hub/session/d2f58df4-8d6d-44cc-905c-29af63c8718e/source[39m
[35m[HTTP][39m [90m{}[39m
[35m[W3C (d2f58df4)][39m Driver proxy active, passing request on via HTTP proxy
[35m[WD Proxy][39m Replacing sessionId b0781013-8173-4ea1-9556-9fd3b9b9ee74 with d2f58df4-8d6d-44cc-905c-29af63c8718e
[35m[HTTP][39m [37m<-- GET /wd/hub/session/d2f58df4-8d6d-44cc-905c-29af63c8718e/source [39m[32m200[39m [90m1230 ms - 28273[39m
[35m[HTTP][39m [90m[39m
[35m[HTTP][39m [37m-->[39m [37mGET[39m [37m/wd/hub/session/d2f58df4-8d6d-44cc-905c-29af63c8718e/screenshot[39m
[35m[HTTP][39m [90m{}[39m
[35m[HTTP][39m [37m<-- GET /wd/hub/session/d2f58df4-8d6d-44cc-905c-29af63c8718e/screenshot [39m[32m200[39m [90m1204 ms - 29268[39m
[35m[HTTP][39m [90m[39m
[35m[HTTP][39m [37m-->[39m [37mGET[39m [37m/wd/hub/session/d2f58df4-8d6d-44cc-905c-29af63c8718e/source[39m
[35m[HTTP][39m [90m{}[39m
[35m[W3C (d2f58df4)][39m Driver proxy active, passing request on via HTTP proxy
[35m[WD Proxy][39m Replacing sessionId b0781013-8173-4ea1-9556-9fd3b9b9ee74 with d2f58df4-8d6d-44cc-905c-29af63c8718e
[35m[HTTP][39m [37m<-- GET /wd/hub/session/d2f58df4-8d6d-44cc-905c-29af63c8718e/source [39m[32m200[39m [90m299 ms - 20069[39m
[35m[HTTP][39m [90m[39m
[35m[HTTP][39m [37m-->[39m [37mGET[39m [37m/wd/hub/session/d2f58df4-8d6d-44cc-905c-29af63c8718e/screenshot[39m
[35m[HTTP][39m [90m{}[39m
[35m[HTTP][39m [37m<-- GET /wd/hub/session/d2f58df4-8d6d-44cc-905c-29af63c8718e/screenshot [39m[32m200[39m [90m507 ms - 134490[39m
[35m[HTTP][39m [90m[39m
[35m[HTTP][39m [37m-->[39m [37mPOST[39m [37m/wd/hub/session/d2f58df4-8d6d-44cc-905c-29af63c8718e/elements[39m
[35m[HTTP][39m [90m{"using":"xpath","value":"//*[@class = 'android.widget.ImageButton' and @resource-id = 'com.google.android.calculator:id/digit_6' and (@text = '' or . = '')]"}[39m
[35m[HTTP][39m [37m<-- POST /wd/hub/session/d2f58df4-8d6d-44cc-905c-29af63c8718e/elements [39m[32m200[39m [90m436 ms - 139[39m
[35m[HTTP][39m [90m[39m
[35m[HTTP][39m [37m-->[39m [37mGET[39m [37m/wd/hub/session/d2f58df4-8d6d-44cc-905c-29af63c8718e/window/rect[39m
[35m[HTTP][39m [90m{}[39m
[35m[HTTP][39m [37m<-- GET /wd/hub/session/d2f58df4-8d6d-44cc-905c-29af63c8718e/window/rect [39m[32m200[39m [90m16 ms - 50[39m
[35m[HTTP][39m [90m[39m
[35m[HTTP][39m [37m-->[39m [37mPOST[39m [37m/wd/hub/session/d2f58df4-8d6d-44cc-905c-29af63c8718e/elements[39m
[35m[HTTP][39m [90m{"using":"xpath","value":"//*[@class = 'android.widget.ImageButton' and @resource-id = 'com.google.android.calculator:id/digit_6' and (@text = '' or . = '')]"}[39m
[35m[HTTP][39m [37m<-- POST /wd/hub/session/d2f58df4-8d6d-44cc-905c-29af63c8718e/elements [39m[32m200[39m [90m91 ms - 139[39m
[35m[HTTP][39m [90m[39m
[35m[HTTP][39m [37m-->[39m [37mGET[39m [37m/wd/hub/session/d2f58df4-8d6d-44cc-905c-29af63c8718e/element/00000000-0000-003c-ffff-ffff0000005f/location[39m
[35m[HTTP][39m [90m{}[39m
[35m[W3C (d2f58df4)][39m Driver proxy active, passing request on via HTTP proxy
[35m[WD Proxy][39m Replacing sessionId b0781013-8173-4ea1-9556-9fd3b9b9ee74 with d2f58df4-8d6d-44cc-905c-29af63c8718e
[35m[HTTP][39m [37m<-- GET /wd/hub/session/d2f58df4-8d6d-44cc-905c-29af63c8718e/element/00000000-0000-003c-ffff-ffff0000005f/location [39m[32m200[39m [90m19 ms - 79[39m
[35m[HTTP][39m [90m[39m
[35m[HTTP][39m [37m-->[39m [37mPOST[39m [37m/wd/hub/session/d2f58df4-8d6d-44cc-905c-29af63c8718e/element/00000000-0000-003c-ffff-ffff0000005f/click[39m
[35m[HTTP][39m [90m{"id":"00000000-0000-003c-ffff-ffff0000005f"}[39m
[35m[HTTP][39m [37m<-- POST /wd/hub/session/d2f58df4-8d6d-44cc-905c-29af63c8718e/element/00000000-0000-003c-ffff-ffff0000005f/click [39m[32m200[39m [90m567 ms - 14[39m
[35m[HTTP][39m [90m[39m
[35m[HTTP][39m [37m-->[39m [37mGET[39m [37m/wd/hub/session/d2f58df4-8d6d-44cc-905c-29af63c8718e/source[39m
[35m[HTTP][39m [90m{}[39m
[35m[W3C (d2f58df4)][39m Driver proxy active, passing request on via HTTP proxy
[35m[WD Proxy][39m Replacing sessionId b0781013-8173-4ea1-9556-9fd3b9b9ee74 with d2f58df4-8d6d-44cc-905c-29af63c8718e
[35m[HTTP][39m [37m<-- GET /wd/hub/session/d2f58df4-8d6d-44cc-905c-29af63c8718e/source [39m[32m200[39m [90m72 ms - 20042[39m
[35m[HTTP][39m [90m[39m
[35m[HTTP][39m [37m-->[39m [37mGET[39m [37m/wd/hub/session/d2f58df4-8d6d-44cc-905c-29af63c8718e/screenshot[39m
[35m[HTTP][39m [90m{}[39m
[35m[HTTP][39m [37m<-- GET /wd/hub/session/d2f58df4-8d6d-44cc-905c-29af63c8718e/screenshot [39m[32m200[39m [90m389 ms - 140832[39m
[35m[HTTP][39m [90m[39m
[35m[HTTP][39m [37m-->[39m [37mPOST[39m [37m/wd/hub/session/d2f58df4-8d6d-44cc-905c-29af63c8718e/elements[39m
[35m[HTTP][39m [90m{"using":"xpath","value":"//*[@class = 'android.widget.ImageButton' and @resource-id = 'com.google.android.calculator:id/digit_5' and (@text = '' or . = '')]"}[39m
[35m[HTTP][39m [37m<-- POST /wd/hub/session/d2f58df4-8d6d-44cc-905c-29af63c8718e/elements [39m[32m200[39m [90m148 ms - 139[39m
[35m[HTTP][39m [90m[39m
[35m[HTTP][39m [37m-->[39m [37mGET[39m [37m/wd/hub/session/d2f58df4-8d6d-44cc-905c-29af63c8718e/window/rect[39m
[35m[HTTP][39m [90m{}[39m
[35m[HTTP][39m [37m<-- GET /wd/hub/session/d2f58df4-8d6d-44cc-905c-29af63c8718e/window/rect [39m[32m200[39m [90m15 ms - 50[39m
[35m[HTTP][39m [90m[39m
[35m[HTTP][39m [37m-->[39m [37mPOST[39m [37m/wd/hub/session/d2f58df4-8d6d-44cc-905c-29af63c8718e/elements[39m
[35m[HTTP][39m [90m{"using":"xpath","value":"//*[@class = 'android.widget.ImageButton' and @resource-id = 'com.google.android.calculator:id/digit_5' and (@text = '' or . = '')]"}[39m
[35m[HTTP][39m [37m<-- POST /wd/hub/session/d2f58df4-8d6d-44cc-905c-29af63c8718e/elements [39m[32m200[39m [90m142 ms - 139[39m
[35m[HTTP][39m [90m[39m
[35m[HTTP][39m [37m-->[39m [37mGET[39m [37m/wd/hub/session/d2f58df4-8d6d-44cc-905c-29af63c8718e/element/00000000-0000-003c-ffff-ffff0000005e/location[39m
[35m[HTTP][39m [90m{}[39m
[35m[W3C (d2f58df4)][39m Driver proxy active, passing request on via HTTP proxy
[35m[WD Proxy][39m Replacing sessionId b0781013-8173-4ea1-9556-9fd3b9b9ee74 with d2f58df4-8d6d-44cc-905c-29af63c8718e
[35m[HTTP][39m [37m<-- GET /wd/hub/session/d2f58df4-8d6d-44cc-905c-29af63c8718e/element/00000000-0000-003c-ffff-ffff0000005e/location [39m[32m200[39m [90m17 ms - 79[39m
[35m[HTTP][39m [90m[39m
[35m[HTTP][39m [37m-->[39m [37mPOST[39m [37m/wd/hub/session/d2f58df4-8d6d-44cc-905c-29af63c8718e/element/00000000-0000-003c-ffff-ffff0000005e/click[39m
[35m[HTTP][39m [90m{"id":"00000000-0000-003c-ffff-ffff0000005e"}[39m
[35m[HTTP][39m [37m<-- POST /wd/hub/session/d2f58df4-8d6d-44cc-905c-29af63c8718e/element/00000000-0000-003c-ffff-ffff0000005e/click [39m[32m200[39m [90m559 ms - 14[39m
[35m[HTTP][39m [90m[39m
[35m[HTTP][39m [37m-->[39m [37mGET[39m [37m/wd/hub/session/d2f58df4-8d6d-44cc-905c-29af63c8718e/source[39m
[35m[HTTP][39m [90m{}[39m
[35m[W3C (d2f58df4)][39m Driver proxy active, passing request on via HTTP proxy
[35m[WD Proxy][39m Replacing sessionId b0781013-8173-4ea1-9556-9fd3b9b9ee74 with d2f58df4-8d6d-44cc-905c-29af63c8718e
[35m[HTTP][39m [37m<-- GET /wd/hub/session/d2f58df4-8d6d-44cc-905c-29af63c8718e/source [39m[32m200[39m [90m101 ms - 20043[39m
[35m[HTTP][39m [90m[39m
[35m[HTTP][39m [37m-->[39m [37mGET[39m [37m/wd/hub/session/d2f58df4-8d6d-44cc-905c-29af63c8718e/screenshot[39m
[35m[HTTP][39m [90m{}[39m
[35m[HTTP][39m [37m<-- GET /wd/hub/session/d2f58df4-8d6d-44cc-905c-29af63c8718e/screenshot [39m[32m200[39m [90m404 ms - 144888[39m
[35m[HTTP][39m [90m[39m
[35m[HTTP][39m [37m-->[39m [37mPOST[39m [37m/wd/hub/session/d2f58df4-8d6d-44cc-905c-29af63c8718e/elements[39m
[35m[HTTP][39m [90m{"using":"xpath","value":"//*[@class = 'android.widget.ImageButton' and @resource-id = 'com.google.android.calculator:id/op_mul' and (@text = '' or . = '')]"}[39m
[35m[HTTP][39m [37m<-- POST /wd/hub/session/d2f58df4-8d6d-44cc-905c-29af63c8718e/elements [39m[32m200[39m [90m119 ms - 139[39m
[35m[HTTP][39m [90m[39m
[35m[HTTP][39m [37m-->[39m [37mGET[39m [37m/wd/hub/session/d2f58df4-8d6d-44cc-905c-29af63c8718e/window/rect[39m
[35m[HTTP][39m [90m{}[39m
[35m[HTTP][39m [37m<-- GET /wd/hub/session/d2f58df4-8d6d-44cc-905c-29af63c8718e/window/rect [39m[32m200[39m [90m17 ms - 50[39m
[35m[HTTP][39m [90m[39m
[35m[HTTP][39m [37m-->[39m [37mPOST[39m [37m/wd/hub/session/d2f58df4-8d6d-44cc-905c-29af63c8718e/elements[39m
[35m[HTTP][39m [90m{"using":"xpath","value":"//*[@class = 'android.widget.ImageButton' and @resource-id = 'com.google.android.calculator:id/op_mul' and (@text = '' or . = '')]"}[39m
[35m[HTTP][39m [37m<-- POST /wd/hub/session/d2f58df4-8d6d-44cc-905c-29af63c8718e/elements [39m[32m200[39m [90m123 ms - 139[39m
[35m[HTTP][39m [90m[39m
[35m[HTTP][39m [37m-->[39m [37mGET[39m [37m/wd/hub/session/d2f58df4-8d6d-44cc-905c-29af63c8718e/element/00000000-0000-003c-ffff-ffff0000005c/location[39m
[35m[HTTP][39m [90m{}[39m
[35m[W3C (d2f58df4)][39m Driver proxy active, passing request on via HTTP proxy
[35m[WD Proxy][39m Replacing sessionId b0781013-8173-4ea1-9556-9fd3b9b9ee74 with d2f58df4-8d6d-44cc-905c-29af63c8718e
[35m[HTTP][39m [37m<-- GET /wd/hub/session/d2f58df4-8d6d-44cc-905c-29af63c8718e/element/00000000-0000-003c-ffff-ffff0000005c/location [39m[32m200[39m [90m19 ms - 78[39m
[35m[HTTP][39m [90m[39m
[35m[HTTP][39m [37m-->[39m [37mPOST[39m [37m/wd/hub/session/d2f58df4-8d6d-44cc-905c-29af63c8718e/element/00000000-0000-003c-ffff-ffff0000005c/click[39m
[35m[HTTP][39m [90m{"id":"00000000-0000-003c-ffff-ffff0000005c"}[39m
[35m[HTTP][39m [37m<-- POST /wd/hub/session/d2f58df4-8d6d-44cc-905c-29af63c8718e/element/00000000-0000-003c-ffff-ffff0000005c/click [39m[32m200[39m [90m591 ms - 14[39m
[35m[HTTP][39m [90m[39m
[35m[HTTP][39m [37m-->[39m [37mGET[39m [37m/wd/hub/session/d2f58df4-8d6d-44cc-905c-29af63c8718e/source[39m
[35m[HTTP][39m [90m{}[39m
[35m[W3C (d2f58df4)][39m Driver proxy active, passing request on via HTTP proxy
[35m[WD Proxy][39m Replacing sessionId b0781013-8173-4ea1-9556-9fd3b9b9ee74 with d2f58df4-8d6d-44cc-905c-29af63c8718e
[35m[HTTP][39m [37m<-- GET /wd/hub/session/d2f58df4-8d6d-44cc-905c-29af63c8718e/source [39m[32m200[39m [90m67 ms - 20045[39m
[35m[HTTP][39m [90m[39m
[35m[HTTP][39m [37m-->[39m [37mGET[39m [37m/wd/hub/session/d2f58df4-8d6d-44cc-905c-29af63c8718e/screenshot[39m
[35m[HTTP][39m [90m{}[39m
[35m[HTTP][39m [37m<-- GET /wd/hub/session/d2f58df4-8d6d-44cc-905c-29af63c8718e/screenshot [39m[32m200[39m [90m383 ms - 148668[39m
[35m[HTTP][39m [90m[39m
[35m[HTTP][39m [37m-->[39m [37mPOST[39m [37m/wd/hub/session/d2f58df4-8d6d-44cc-905c-29af63c8718e/elements[39m
[35m[HTTP][39m [90m{"using":"xpath","value":"//*[@class = 'android.widget.ImageButton' and @resource-id = 'com.google.android.calculator:id/digit_2' and (@text = '' or . = '')]"}[39m
[35m[HTTP][39m [37m<-- POST /wd/hub/session/d2f58df4-8d6d-44cc-905c-29af63c8718e/elements [39m[32m200[39m [90m90 ms - 139[39m
[35m[HTTP][39m [90m[39m
[35m[HTTP][39m [37m-->[39m [37mGET[39m [37m/wd/hub/session/d2f58df4-8d6d-44cc-905c-29af63c8718e/window/rect[39m
[35m[HTTP][39m [90m{}[39m
[35m[HTTP][39m [37m<-- GET /wd/hub/session/d2f58df4-8d6d-44cc-905c-29af63c8718e/window/rect [39m[32m200[39m [90m15 ms - 50[39m
[35m[HTTP][39m [90m[39m
[35m[HTTP][39m [37m-->[39m [37mPOST[39m [37m/wd/hub/session/d2f58df4-8d6d-44cc-905c-29af63c8718e/elements[39m
[35m[HTTP][39m [90m{"using":"xpath","value":"//*[@class = 'android.widget.ImageButton' and @resource-id = 'com.google.android.calculator:id/digit_2' and (@text = '' or . = '')]"}[39m
[35m[HTTP][39m [37m<-- POST /wd/hub/session/d2f58df4-8d6d-44cc-905c-29af63c8718e/elements [39m[32m200[39m [90m105 ms - 139[39m
[35m[HTTP][39m [90m[39m
[35m[HTTP][39m [37m-->[39m [37mGET[39m [37m/wd/hub/session/d2f58df4-8d6d-44cc-905c-29af63c8718e/element/00000000-0000-003c-ffff-ffff00000062/location[39m
[35m[HTTP][39m [90m{}[39m
[35m[W3C (d2f58df4)][39m Driver proxy active, passing request on via HTTP proxy
[35m[WD Proxy][39m Replacing sessionId b0781013-8173-4ea1-9556-9fd3b9b9ee74 with d2f58df4-8d6d-44cc-905c-29af63c8718e
[35m[HTTP][39m [37m<-- GET /wd/hub/session/d2f58df4-8d6d-44cc-905c-29af63c8718e/element/00000000-0000-003c-ffff-ffff00000062/location [39m[32m200[39m [90m25 ms - 79[39m
[35m[HTTP][39m [90m[39m
[35m[HTTP][39m [37m-->[39m [37mPOST[39m [37m/wd/hub/session/d2f58df4-8d6d-44cc-905c-29af63c8718e/element/00000000-0000-003c-ffff-ffff00000062/click[39m
[35m[HTTP][39m [90m{"id":"00000000-0000-003c-ffff-ffff00000062"}[39m
[35m[HTTP][39m [37m<-- POST /wd/hub/session/d2f58df4-8d6d-44cc-905c-29af63c8718e/element/00000000-0000-003c-ffff-ffff00000062/click [39m[32m200[39m [90m626 ms - 14[39m
[35m[HTTP][39m [90m[39m
[35m[HTTP][39m [37m-->[39m [37mGET[39m [37m/wd/hub/session/d2f58df4-8d6d-44cc-905c-29af63c8718e/source[39m
[35m[HTTP][39m [90m{}[39m
[35m[W3C (d2f58df4)][39m Driver proxy active, passing request on via HTTP proxy
[35m[WD Proxy][39m Replacing sessionId b0781013-8173-4ea1-9556-9fd3b9b9ee74 with d2f58df4-8d6d-44cc-905c-29af63c8718e
[35m[HTTP][39m [37m<-- GET /wd/hub/session/d2f58df4-8d6d-44cc-905c-29af63c8718e/source [39m[32m200[39m [90m72 ms - 20021[39m
[35m[HTTP][39m [90m[39m
[35m[HTTP][39m [37m-->[39m [37mGET[39m [37m/wd/hub/session/d2f58df4-8d6d-44cc-905c-29af63c8718e/screenshot[39m
[35m[HTTP][39m [90m{}[39m
[35m[HTTP][39m [37m<-- GET /wd/hub/session/d2f58df4-8d6d-44cc-905c-29af63c8718e/screenshot [39m[32m200[39m [90m373 ms - 160146[39m
[35m[HTTP][39m [90m[39m
[35m[HTTP][39m [37m-->[39m [37mPOST[39m [37m/wd/hub/session/d2f58df4-8d6d-44cc-905c-29af63c8718e/elements[39m
[35m[HTTP][39m [90m{"using":"xpath","value":"//*[@class = 'android.widget.ImageButton' and @resource-id = 'com.google.android.calculator:id/digit_8' and (@text = '' or . = '')]"}[39m
[35m[HTTP][39m [37m<-- POST /wd/hub/session/d2f58df4-8d6d-44cc-905c-29af63c8718e/elements [39m[32m200[39m [90m125 ms - 139[39m
[35m[HTTP][39m [90m[39m
[35m[HTTP][39m [37m-->[39m [37mGET[39m [37m/wd/hub/session/d2f58df4-8d6d-44cc-905c-29af63c8718e/window/rect[39m
[35m[HTTP][39m [90m{}[39m
[35m[HTTP][39m [37m<-- GET /wd/hub/session/d2f58df4-8d6d-44cc-905c-29af63c8718e/window/rect [39m[32m200[39m [90m14 ms - 50[39m
[35m[HTTP][39m [90m[39m
[35m[HTTP][39m [37m-->[39m [37mPOST[39m [37m/wd/hub/session/d2f58df4-8d6d-44cc-905c-29af63c8718e/elements[39m
[35m[HTTP][39m [90m{"using":"xpath","value":"//*[@class = 'android.widget.ImageButton' and @resource-id = 'com.google.android.calculator:id/digit_8' and (@text = '' or . = '')]"}[39m
[35m[HTTP][39m [37m<-- POST /wd/hub/session/d2f58df4-8d6d-44cc-905c-29af63c8718e/elements [39m[32m200[39m [90m91 ms - 139[39m
[35m[HTTP][39m [90m[39m
[35m[HTTP][39m [37m-->[39m [37mGET[39m [37m/wd/hub/session/d2f58df4-8d6d-44cc-905c-29af63c8718e/element/00000000-0000-003c-ffff-ffff0000005a/location[39m
[35m[HTTP][39m [90m{}[39m
[35m[W3C (d2f58df4)][39m Driver proxy active, passing request on via HTTP proxy
[35m[WD Proxy][39m Replacing sessionId b0781013-8173-4ea1-9556-9fd3b9b9ee74 with d2f58df4-8d6d-44cc-905c-29af63c8718e
[35m[HTTP][39m [37m<-- GET /wd/hub/session/d2f58df4-8d6d-44cc-905c-29af63c8718e/element/00000000-0000-003c-ffff-ffff0000005a/location [39m[32m200[39m [90m16 ms - 78[39m
[35m[HTTP][39m [90m[39m
[35m[HTTP][39m [37m-->[39m [37mPOST[39m [37m/wd/hub/session/d2f58df4-8d6d-44cc-905c-29af63c8718e/element/00000000-0000-003c-ffff-ffff0000005a/click[39m
[35m[HTTP][39m [90m{"id":"00000000-0000-003c-ffff-ffff0000005a"}[39m
[35m[HTTP][39m [37m<-- POST /wd/hub/session/d2f58df4-8d6d-44cc-905c-29af63c8718e/element/00000000-0000-003c-ffff-ffff0000005a/click [39m[32m200[39m [90m601 ms - 14[39m
[35m[HTTP][39m [90m[39m
[35m[HTTP][39m [37m-->[39m [37mGET[39m [37m/wd/hub/session/d2f58df4-8d6d-44cc-905c-29af63c8718e/source[39m
[35m[HTTP][39m [90m{}[39m
[35m[W3C (d2f58df4)][39m Driver proxy active, passing request on via HTTP proxy
[35m[WD Proxy][39m Replacing sessionId b0781013-8173-4ea1-9556-9fd3b9b9ee74 with d2f58df4-8d6d-44cc-905c-29af63c8718e
[35m[HTTP][39m [37m<-- GET /wd/hub/session/d2f58df4-8d6d-44cc-905c-29af63c8718e/source [39m[32m200[39m [90m70 ms - 20023[39m
[35m[HTTP][39m [90m[39m
[35m[HTTP][39m [37m-->[39m [37mGET[39m [37m/wd/hub/session/d2f58df4-8d6d-44cc-905c-29af63c8718e/screenshot[39m
[35m[HTTP][39m [90m{}[39m
[35m[HTTP][39m [37m<-- GET /wd/hub/session/d2f58df4-8d6d-44cc-905c-29af63c8718e/screenshot [39m[32m200[39m [90m375 ms - 169766[39m
[35m[HTTP][39m [90m[39m
[35m[HTTP][39m [37m-->[39m [37mGET[39m [37m/wd/hub/session/d2f58df4-8d6d-44cc-905c-29af63c8718e/screenshot[39m
[35m[HTTP][39m [90m{}[39m
[35m[HTTP][39m [37m<-- GET /wd/hub/session/d2f58df4-8d6d-44cc-905c-29af63c8718e/screenshot [39m[32m200[39m [90m388 ms - 169700[39m
[35m[HTTP][39m [90m[39m
[35m[HTTP][39m [37m-->[39m [37mGET[39m [37m/wd/hub/session/d2f58df4-8d6d-44cc-905c-29af63c8718e/source[39m
[35m[HTTP][39m [90m{}[39m
[35m[W3C (d2f58df4)][39m Driver proxy active, passing request on via HTTP proxy
[35m[WD Proxy][39m Replacing sessionId b0781013-8173-4ea1-9556-9fd3b9b9ee74 with d2f58df4-8d6d-44cc-905c-29af63c8718e
[35m[HTTP][39m [37m<-- GET /wd/hub/session/d2f58df4-8d6d-44cc-905c-29af63c8718e/source [39m[32m200[39m [90m152 ms - 20023[39m
[35m[HTTP][39m [90m[39m
[35m[HTTP][39m [37m-->[39m [37mGET[39m [37m/wd/hub/session/d2f58df4-8d6d-44cc-905c-29af63c8718e/screenshot[39m
[35m[HTTP][39m [90m{}[39m
[35m[HTTP][39m [37m<-- GET /wd/hub/session/d2f58df4-8d6d-44cc-905c-29af63c8718e/screenshot [39m[32m200[39m [90m789 ms - 170106[39m
[35m[HTTP][39m [90m[39m
[35m[HTTP][39m [37m-->[39m [37mPOST[39m [37m/wd/hub/session/d2f58df4-8d6d-44cc-905c-29af63c8718e/elements[39m
[35m[HTTP][39m [90m{"using":"xpath","value":"//*[@class = 'android.widget.ImageButton' and @resource-id = 'com.google.android.calculator:id/eq' and (@text = '' or . = '')]"}[39m
[35m[HTTP][39m [37m<-- POST /wd/hub/session/d2f58df4-8d6d-44cc-905c-29af63c8718e/elements [39m[32m200[39m [90m90 ms - 139[39m
[35m[HTTP][39m [90m[39m
[35m[HTTP][39m [37m-->[39m [37mGET[39m [37m/wd/hub/session/d2f58df4-8d6d-44cc-905c-29af63c8718e/window/rect[39m
[35m[HTTP][39m [90m{}[39m
[35m[HTTP][39m [37m<-- GET /wd/hub/session/d2f58df4-8d6d-44cc-905c-29af63c8718e/window/rect [39m[32m200[39m [90m13 ms - 50[39m
[35m[HTTP][39m [90m[39m
[35m[HTTP][39m [37m-->[39m [37mPOST[39m [37m/wd/hub/session/d2f58df4-8d6d-44cc-905c-29af63c8718e/elements[39m
[35m[HTTP][39m [90m{"using":"xpath","value":"//*[@class = 'android.widget.ImageButton' and @resource-id = 'com.google.android.calculator:id/eq' and (@text = '' or . = '')]"}[39m
[35m[HTTP][39m [37m<-- POST /wd/hub/session/d2f58df4-8d6d-44cc-905c-29af63c8718e/elements [39m[32m200[39m [90m66 ms - 139[39m
[35m[HTTP][39m [90m[39m
[35m[HTTP][39m [37m-->[39m [37mGET[39m [37m/wd/hub/session/d2f58df4-8d6d-44cc-905c-29af63c8718e/element/00000000-0000-003c-ffff-ffff00000068/location[39m
[35m[HTTP][39m [90m{}[39m
[35m[W3C (d2f58df4)][39m Driver proxy active, passing request on via HTTP proxy
[35m[WD Proxy][39m Replacing sessionId b0781013-8173-4ea1-9556-9fd3b9b9ee74 with d2f58df4-8d6d-44cc-905c-29af63c8718e
[35m[HTTP][39m [37m<-- GET /wd/hub/session/d2f58df4-8d6d-44cc-905c-29af63c8718e/element/00000000-0000-003c-ffff-ffff00000068/location [39m[32m200[39m [90m19 ms - 79[39m
[35m[HTTP][39m [90m[39m
[35m[HTTP][39m [37m-->[39m [37mPOST[39m [37m/wd/hub/session/d2f58df4-8d6d-44cc-905c-29af63c8718e/element/00000000-0000-003c-ffff-ffff00000068/click[39m
[35m[HTTP][39m [90m{"id":"00000000-0000-003c-ffff-ffff00000068"}[39m
[35m[HTTP][39m [37m<-- POST /wd/hub/session/d2f58df4-8d6d-44cc-905c-29af63c8718e/element/00000000-0000-003c-ffff-ffff00000068/click [39m[32m200[39m [90m1143 ms - 14[39m
[35m[HTTP][39m [90m[39m
[35m[HTTP][39m [37m-->[39m [37mGET[39m [37m/wd/hub/session/d2f58df4-8d6d-44cc-905c-29af63c8718e/source[39m
[35m[HTTP][39m [90m{}[39m
[35m[W3C (d2f58df4)][39m Driver proxy active, passing request on via HTTP proxy
[35m[WD Proxy][39m Replacing sessionId b0781013-8173-4ea1-9556-9fd3b9b9ee74 with d2f58df4-8d6d-44cc-905c-29af63c8718e
[35m[HTTP][39m [37m<-- GET /wd/hub/session/d2f58df4-8d6d-44cc-905c-29af63c8718e/source [39m[32m200[39m [90m50 ms - 18978[39m
[35m[HTTP][39m [90m[39m
[35m[HTTP][39m [37m-->[39m [37mGET[39m [37m/wd/hub/session/d2f58df4-8d6d-44cc-905c-29af63c8718e/screenshot[39m
[35m[HTTP][39m [90m{}[39m
[35m[HTTP][39m [37m<-- GET /wd/hub/session/d2f58df4-8d6d-44cc-905c-29af63c8718e/screenshot [39m[32m200[39m [90m375 ms - 153554[39m
[35m[HTTP][39m [90m[39m
[35m[HTTP][39m [37m-->[39m [37mPOST[39m [37m/wd/hub/session/d2f58df4-8d6d-44cc-905c-29af63c8718e/elements[39m
[35m[HTTP][39m [90m{"using":"xpath","value":"//*[@class = 'android.widget.ImageButton' and @resource-id = 'com.google.android.calculator:id/clr' and (@text = '' or . = '')]"}[39m
[35m[HTTP][39m [37m<-- POST /wd/hub/session/d2f58df4-8d6d-44cc-905c-29af63c8718e/elements [39m[32m200[39m [90m70 ms - 139[39m
[35m[HTTP][39m [90m[39m
[35m[HTTP][39m [37m-->[39m [37mGET[39m [37m/wd/hub/session/d2f58df4-8d6d-44cc-905c-29af63c8718e/window/rect[39m
[35m[HTTP][39m [90m{}[39m
[35m[HTTP][39m [37m<-- GET /wd/hub/session/d2f58df4-8d6d-44cc-905c-29af63c8718e/window/rect [39m[32m200[39m [90m13 ms - 50[39m
[35m[HTTP][39m [90m[39m
[35m[HTTP][39m [37m-->[39m [37mPOST[39m [37m/wd/hub/session/d2f58df4-8d6d-44cc-905c-29af63c8718e/elements[39m
[35m[HTTP][39m [90m{"using":"xpath","value":"//*[@class = 'android.widget.ImageButton' and @resource-id = 'com.google.android.calculator:id/clr' and (@text = '' or . = '')]"}[39m
[35m[HTTP][39m [37m<-- POST /wd/hub/session/d2f58df4-8d6d-44cc-905c-29af63c8718e/elements [39m[32m200[39m [90m58 ms - 139[39m
[35m[HTTP][39m [90m[39m
[35m[HTTP][39m [37m-->[39m [37mGET[39m [37m/wd/hub/session/d2f58df4-8d6d-44cc-905c-29af63c8718e/element/00000000-0000-003c-ffff-ffff00000055/location[39m
[35m[HTTP][39m [90m{}[39m
[35m[W3C (d2f58df4)][39m Driver proxy active, passing request on via HTTP proxy
[35m[WD Proxy][39m Replacing sessionId b0781013-8173-4ea1-9556-9fd3b9b9ee74 with d2f58df4-8d6d-44cc-905c-29af63c8718e
[35m[HTTP][39m [37m<-- GET /wd/hub/session/d2f58df4-8d6d-44cc-905c-29af63c8718e/element/00000000-0000-003c-ffff-ffff00000055/location [39m[32m200[39m [90m17 ms - 77[39m
[35m[HTTP][39m [90m[39m
[35m[HTTP][39m [37m-->[39m [37mPOST[39m [37m/wd/hub/session/d2f58df4-8d6d-44cc-905c-29af63c8718e/element/00000000-0000-003c-ffff-ffff00000055/click[39m
[35m[HTTP][39m [90m{"id":"00000000-0000-003c-ffff-ffff00000055"}[39m
[35m[HTTP][39m [37m<-- POST /wd/hub/session/d2f58df4-8d6d-44cc-905c-29af63c8718e/element/00000000-0000-003c-ffff-ffff00000055/click [39m[32m200[39m [90m733 ms - 14[39m
[35m[HTTP][39m [90m[39m
[35m[HTTP][39m [37m-->[39m [37mGET[39m [37m/wd/hub/session/d2f58df4-8d6d-44cc-905c-29af63c8718e/source[39m
[35m[HTTP][39m [90m{}[39m
[35m[W3C (d2f58df4)][39m Driver proxy active, passing request on via HTTP proxy
[35m[WD Proxy][39m Replacing sessionId b0781013-8173-4ea1-9556-9fd3b9b9ee74 with d2f58df4-8d6d-44cc-905c-29af63c8718e
[35m[HTTP][39m [37m<-- GET /wd/hub/session/d2f58df4-8d6d-44cc-905c-29af63c8718e/source [39m[32m200[39m [90m65 ms - 20069[39m
[35m[HTTP][39m [90m[39m
[35m[HTTP][39m [37m-->[39m [37mGET[39m [37m/wd/hub/session/d2f58df4-8d6d-44cc-905c-29af63c8718e/screenshot[39m
[35m[HTTP][39m [90m{}[39m
[35m[HTTP][39m [37m<-- GET /wd/hub/session/d2f58df4-8d6d-44cc-905c-29af63c8718e/screenshot [39m[32m200[39m [90m388 ms - 134334[39m
[35m[HTTP][39m [90m[39m
[35m[HTTP][39m [37m-->[39m [37mPOST[39m [37m/wd/hub/session/d2f58df4-8d6d-44cc-905c-29af63c8718e/elements[39m
[35m[HTTP][39m [90m{"using":"xpath","value":"//*[@class = 'android.widget.ImageButton' and @resource-id = 'com.google.android.calculator:id/digit_7' and (@text = '' or . = '')]"}[39m
[35m[HTTP][39m [37m<-- POST /wd/hub/session/d2f58df4-8d6d-44cc-905c-29af63c8718e/elements [39m[32m200[39m [90m56 ms - 139[39m
[35m[HTTP][39m [90m[39m
[35m[HTTP][39m [37m-->[39m [37mGET[39m [37m/wd/hub/session/d2f58df4-8d6d-44cc-905c-29af63c8718e/window/rect[39m
[35m[HTTP][39m [90m{}[39m
[35m[HTTP][39m [37m<-- GET /wd/hub/session/d2f58df4-8d6d-44cc-905c-29af63c8718e/window/rect [39m[32m200[39m [90m11 ms - 50[39m
[35m[HTTP][39m [90m[39m
[35m[HTTP][39m [37m-->[39m [37mPOST[39m [37m/wd/hub/session/d2f58df4-8d6d-44cc-905c-29af63c8718e/elements[39m
[35m[HTTP][39m [90m{"using":"xpath","value":"//*[@class = 'android.widget.ImageButton' and @resource-id = 'com.google.android.calculator:id/digit_7' and (@text = '' or . = '')]"}[39m
[35m[HTTP][39m [37m<-- POST /wd/hub/session/d2f58df4-8d6d-44cc-905c-29af63c8718e/elements [39m[32m200[39m [90m57 ms - 139[39m
[35m[HTTP][39m [90m[39m
[35m[HTTP][39m [37m-->[39m [37mGET[39m [37m/wd/hub/session/d2f58df4-8d6d-44cc-905c-29af63c8718e/element/00000000-0000-003c-ffff-ffff00000059/location[39m
[35m[HTTP][39m [90m{}[39m
[35m[W3C (d2f58df4)][39m Driver proxy active, passing request on via HTTP proxy
[35m[WD Proxy][39m Replacing sessionId b0781013-8173-4ea1-9556-9fd3b9b9ee74 with d2f58df4-8d6d-44cc-905c-29af63c8718e
[35m[HTTP][39m [37m<-- GET /wd/hub/session/d2f58df4-8d6d-44cc-905c-29af63c8718e/element/00000000-0000-003c-ffff-ffff00000059/location [39m[32m200[39m [90m18 ms - 77[39m
[35m[HTTP][39m [90m[39m
[35m[HTTP][39m [37m-->[39m [37mPOST[39m [37m/wd/hub/session/d2f58df4-8d6d-44cc-905c-29af63c8718e/element/00000000-0000-003c-ffff-ffff00000059/click[39m
[35m[HTTP][39m [90m{"id":"00000000-0000-003c-ffff-ffff00000059"}[39m
[35m[HTTP][39m [37m<-- POST /wd/hub/session/d2f58df4-8d6d-44cc-905c-29af63c8718e/element/00000000-0000-003c-ffff-ffff00000059/click [39m[32m200[39m [90m693 ms - 14[39m
[35m[HTTP][39m [90m[39m
[35m[HTTP][39m [37m-->[39m [37mGET[39m [37m/wd/hub/session/d2f58df4-8d6d-44cc-905c-29af63c8718e/source[39m
[35m[HTTP][39m [90m{}[39m
[35m[W3C (d2f58df4)][39m Driver proxy active, passing request on via HTTP proxy
[35m[WD Proxy][39m Replacing sessionId b0781013-8173-4ea1-9556-9fd3b9b9ee74 with d2f58df4-8d6d-44cc-905c-29af63c8718e
[35m[HTTP][39m [37m<-- GET /wd/hub/session/d2f58df4-8d6d-44cc-905c-29af63c8718e/source [39m[32m200[39m [90m57 ms - 20042[39m
[35m[HTTP][39m [90m[39m
[35m[HTTP][39m [37m-->[39m [37mGET[39m [37m/wd/hub/session/d2f58df4-8d6d-44cc-905c-29af63c8718e/screenshot[39m
[35m[HTTP][39m [90m{}[39m
[35m[HTTP][39m [37m<-- GET /wd/hub/session/d2f58df4-8d6d-44cc-905c-29af63c8718e/screenshot [39m[32m200[39m [90m385 ms - 137962[39m
[35m[HTTP][39m [90m[39m
[35m[HTTP][39m [37m-->[39m [37mPOST[39m [37m/wd/hub/session/d2f58df4-8d6d-44cc-905c-29af63c8718e/elements[39m
[35m[HTTP][39m [90m{"using":"xpath","value":"//*[@class = 'android.widget.ImageButton' and @resource-id = 'com.google.android.calculator:id/digit_2' and (@text = '' or . = '')]"}[39m
[35m[HTTP][39m [37m<-- POST /wd/hub/session/d2f58df4-8d6d-44cc-905c-29af63c8718e/elements [39m[32m200[39m [90m59 ms - 139[39m
[35m[HTTP][39m [90m[39m
[35m[HTTP][39m [37m-->[39m [37mGET[39m [37m/wd/hub/session/d2f58df4-8d6d-44cc-905c-29af63c8718e/window/rect[39m
[35m[HTTP][39m [90m{}[39m
[35m[HTTP][39m [37m<-- GET /wd/hub/session/d2f58df4-8d6d-44cc-905c-29af63c8718e/window/rect [39m[32m200[39m [90m10 ms - 50[39m
[35m[HTTP][39m [90m[39m
[35m[HTTP][39m [37m-->[39m [37mPOST[39m [37m/wd/hub/session/d2f58df4-8d6d-44cc-905c-29af63c8718e/elements[39m
[35m[HTTP][39m [90m{"using":"xpath","value":"//*[@class = 'android.widget.ImageButton' and @resource-id = 'com.google.android.calculator:id/digit_2' and (@text = '' or . = '')]"}[39m
[35m[HTTP][39m [37m<-- POST /wd/hub/session/d2f58df4-8d6d-44cc-905c-29af63c8718e/elements [39m[32m200[39m [90m72 ms - 139[39m
[35m[HTTP][39m [90m[39m
[35m[HTTP][39m [37m-->[39m [37mGET[39m [37m/wd/hub/session/d2f58df4-8d6d-44cc-905c-29af63c8718e/element/00000000-0000-003c-ffff-ffff00000062/location[39m
[35m[HTTP][39m [90m{}[39m
[35m[W3C (d2f58df4)][39m Driver proxy active, passing request on via HTTP proxy
[35m[WD Proxy][39m Replacing sessionId b0781013-8173-4ea1-9556-9fd3b9b9ee74 with d2f58df4-8d6d-44cc-905c-29af63c8718e
[35m[HTTP][39m [37m<-- GET /wd/hub/session/d2f58df4-8d6d-44cc-905c-29af63c8718e/element/00000000-0000-003c-ffff-ffff00000062/location [39m[32m200[39m [90m15 ms - 79[39m
[35m[HTTP][39m [90m[39m
[35m[HTTP][39m [37m-->[39m [37mPOST[39m [37m/wd/hub/session/d2f58df4-8d6d-44cc-905c-29af63c8718e/element/00000000-0000-003c-ffff-ffff00000062/click[39m
[35m[HTTP][39m [90m{"id":"00000000-0000-003c-ffff-ffff00000062"}[39m
[35m[HTTP][39m [37m<-- POST /wd/hub/session/d2f58df4-8d6d-44cc-905c-29af63c8718e/element/00000000-0000-003c-ffff-ffff00000062/click [39m[32m200[39m [90m693 ms - 14[39m
[35m[HTTP][39m [90m[39m
[35m[HTTP][39m [37m-->[39m [37mGET[39m [37m/wd/hub/session/d2f58df4-8d6d-44cc-905c-29af63c8718e/source[39m
[35m[HTTP][39m [90m{}[39m
[35m[W3C (d2f58df4)][39m Driver proxy active, passing request on via HTTP proxy
[35m[WD Proxy][39m Replacing sessionId b0781013-8173-4ea1-9556-9fd3b9b9ee74 with d2f58df4-8d6d-44cc-905c-29af63c8718e
[35m[HTTP][39m [37m<-- GET /wd/hub/session/d2f58df4-8d6d-44cc-905c-29af63c8718e/source [39m[32m200[39m [90m95 ms - 20043[39m
[35m[HTTP][39m [90m[39m
[35m[HTTP][39m [37m-->[39m [37mGET[39m [37m/wd/hub/session/d2f58df4-8d6d-44cc-905c-29af63c8718e/screenshot[39m
[35m[HTTP][39m [90m{}[39m
[35m[HTTP][39m [37m<-- GET /wd/hub/session/d2f58df4-8d6d-44cc-905c-29af63c8718e/screenshot [39m[32m200[39m [90m371 ms - 142088[39m
[35m[HTTP][39m [90m[39m
[35m[HTTP][39m [37m-->[39m [37mPOST[39m [37m/wd/hub/session/d2f58df4-8d6d-44cc-905c-29af63c8718e/elements[39m
[35m[HTTP][39m [90m{"using":"xpath","value":"//*[@class = 'android.widget.ImageButton' and @resource-id = 'com.google.android.calculator:id/op_div' and (@text = '' or . = '')]"}[39m
[35m[HTTP][39m [37m<-- POST /wd/hub/session/d2f58df4-8d6d-44cc-905c-29af63c8718e/elements [39m[32m200[39m [90m60 ms - 139[39m
[35m[HTTP][39m [90m[39m
[35m[HTTP][39m [37m-->[39m [37mGET[39m [37m/wd/hub/session/d2f58df4-8d6d-44cc-905c-29af63c8718e/window/rect[39m
[35m[HTTP][39m [90m{}[39m
[35m[HTTP][39m [37m<-- GET /wd/hub/session/d2f58df4-8d6d-44cc-905c-29af63c8718e/window/rect [39m[32m200[39m [90m22 ms - 50[39m
[35m[HTTP][39m [90m[39m
[35m[HTTP][39m [37m-->[39m [37mPOST[39m [37m/wd/hub/session/d2f58df4-8d6d-44cc-905c-29af63c8718e/elements[39m
[35m[HTTP][39m [90m{"using":"xpath","value":"//*[@class = 'android.widget.ImageButton' and @resource-id = 'com.google.android.calculator:id/op_div' and (@text = '' or . = '')]"}[39m
[35m[HTTP][39m [37m<-- POST /wd/hub/session/d2f58df4-8d6d-44cc-905c-29af63c8718e/elements [39m[32m200[39m [90m73 ms - 139[39m
[35m[HTTP][39m [90m[39m
[35m[HTTP][39m [37m-->[39m [37mGET[39m [37m/wd/hub/session/d2f58df4-8d6d-44cc-905c-29af63c8718e/element/00000000-0000-003c-ffff-ffff00000058/location[39m
[35m[HTTP][39m [90m{}[39m
[35m[W3C (d2f58df4)][39m Driver proxy active, passing request on via HTTP proxy
[35m[WD Proxy][39m Replacing sessionId b0781013-8173-4ea1-9556-9fd3b9b9ee74 with d2f58df4-8d6d-44cc-905c-29af63c8718e
[35m[HTTP][39m [37m<-- GET /wd/hub/session/d2f58df4-8d6d-44cc-905c-29af63c8718e/element/00000000-0000-003c-ffff-ffff00000058/location [39m[32m200[39m [90m20 ms - 78[39m
[35m[HTTP][39m [90m[39m
[35m[HTTP][39m [37m-->[39m [37mPOST[39m [37m/wd/hub/session/d2f58df4-8d6d-44cc-905c-29af63c8718e/element/00000000-0000-003c-ffff-ffff00000058/click[39m
[35m[HTTP][39m [90m{"id":"00000000-0000-003c-ffff-ffff00000058"}[39m
[35m[HTTP][39m [37m<-- POST /wd/hub/session/d2f58df4-8d6d-44cc-905c-29af63c8718e/element/00000000-0000-003c-ffff-ffff00000058/click [39m[32m200[39m [90m677 ms - 14[39m
[35m[HTTP][39m [90m[39m
[35m[HTTP][39m [37m-->[39m [37mGET[39m [37m/wd/hub/session/d2f58df4-8d6d-44cc-905c-29af63c8718e/source[39m
[35m[HTTP][39m [90m{}[39m
[35m[W3C (d2f58df4)][39m Driver proxy active, passing request on via HTTP proxy
[35m[WD Proxy][39m Replacing sessionId b0781013-8173-4ea1-9556-9fd3b9b9ee74 with d2f58df4-8d6d-44cc-905c-29af63c8718e
[35m[HTTP][39m [37m<-- GET /wd/hub/session/d2f58df4-8d6d-44cc-905c-29af63c8718e/source [39m[32m200[39m [90m54 ms - 20045[39m
[35m[HTTP][39m [90m[39m
[35m[HTTP][39m [37m-->[39m [37mGET[39m [37m/wd/hub/session/d2f58df4-8d6d-44cc-905c-29af63c8718e/screenshot[39m
[35m[HTTP][39m [90m{}[39m
[35m[HTTP][39m [37m<-- GET /wd/hub/session/d2f58df4-8d6d-44cc-905c-29af63c8718e/screenshot [39m[32m200[39m [90m385 ms - 143800[39m
[35m[HTTP][39m [90m[39m
[35m[HTTP][39m [37m-->[39m [37mPOST[39m [37m/wd/hub/session/d2f58df4-8d6d-44cc-905c-29af63c8718e/elements[39m
[35m[HTTP][39m [90m{"using":"xpath","value":"//*[@class = 'android.widget.ImageButton' and @resource-id = 'com.google.android.calculator:id/digit_9' and (@text = '' or . = '')]"}[39m
[35m[HTTP][39m [37m<-- POST /wd/hub/session/d2f58df4-8d6d-44cc-905c-29af63c8718e/elements [39m[32m200[39m [90m74 ms - 139[39m
[35m[HTTP][39m [90m[39m
[35m[HTTP][39m [37m-->[39m [37mGET[39m [37m/wd/hub/session/d2f58df4-8d6d-44cc-905c-29af63c8718e/window/rect[39m
[35m[HTTP][39m [90m{}[39m
[35m[HTTP][39m [37m<-- GET /wd/hub/session/d2f58df4-8d6d-44cc-905c-29af63c8718e/window/rect [39m[32m200[39m [90m10 ms - 50[39m
[35m[HTTP][39m [90m[39m
[35m[HTTP][39m [37m-->[39m [37mPOST[39m [37m/wd/hub/session/d2f58df4-8d6d-44cc-905c-29af63c8718e/elements[39m
[35m[HTTP][39m [90m{"using":"xpath","value":"//*[@class = 'android.widget.ImageButton' and @resource-id = 'com.google.android.calculator:id/digit_9' and (@text = '' or . = '')]"}[39m
[35m[HTTP][39m [37m<-- POST /wd/hub/session/d2f58df4-8d6d-44cc-905c-29af63c8718e/elements [39m[32m200[39m [90m66 ms - 139[39m
[35m[HTTP][39m [90m[39m
[35m[HTTP][39m [37m-->[39m [37mGET[39m [37m/wd/hub/session/d2f58df4-8d6d-44cc-905c-29af63c8718e/element/00000000-0000-003c-ffff-ffff0000005b/location[39m
[35m[HTTP][39m [90m{}[39m
[35m[W3C (d2f58df4)][39m Driver proxy active, passing request on via HTTP proxy
[35m[WD Proxy][39m Replacing sessionId b0781013-8173-4ea1-9556-9fd3b9b9ee74 with d2f58df4-8d6d-44cc-905c-29af63c8718e
[35m[HTTP][39m [37m<-- GET /wd/hub/session/d2f58df4-8d6d-44cc-905c-29af63c8718e/element/00000000-0000-003c-ffff-ffff0000005b/location [39m[32m200[39m [90m15 ms - 78[39m
[35m[HTTP][39m [90m[39m
[35m[HTTP][39m [37m-->[39m [37mPOST[39m [37m/wd/hub/session/d2f58df4-8d6d-44cc-905c-29af63c8718e/element/00000000-0000-003c-ffff-ffff0000005b/click[39m
[35m[HTTP][39m [90m{"id":"00000000-0000-003c-ffff-ffff0000005b"}[39m
[35m[HTTP][39m [37m<-- POST /wd/hub/session/d2f58df4-8d6d-44cc-905c-29af63c8718e/element/00000000-0000-003c-ffff-ffff0000005b/click [39m[32m200[39m [90m719 ms - 14[39m
[35m[HTTP][39m [90m[39m
[35m[HTTP][39m [37m-->[39m [37mGET[39m [37m/wd/hub/session/d2f58df4-8d6d-44cc-905c-29af63c8718e/source[39m
[35m[HTTP][39m [90m{}[39m
[35m[W3C (d2f58df4)][39m Driver proxy active, passing request on via HTTP proxy
[35m[WD Proxy][39m Replacing sessionId b0781013-8173-4ea1-9556-9fd3b9b9ee74 with d2f58df4-8d6d-44cc-905c-29af63c8718e
[35m[HTTP][39m [37m<-- GET /wd/hub/session/d2f58df4-8d6d-44cc-905c-29af63c8718e/source [39m[32m200[39m [90m52 ms - 20019[39m
[35m[HTTP][39m [90m[39m
[35m[HTTP][39m [37m-->[39m [37mGET[39m [37m/wd/hub/session/d2f58df4-8d6d-44cc-905c-29af63c8718e/screenshot[39m
[35m[HTTP][39m [90m{}[39m
[35m[HTTP][39m [37m<-- GET /wd/hub/session/d2f58df4-8d6d-44cc-905c-29af63c8718e/screenshot [39m[32m200[39m [90m375 ms - 152814[39m
[35m[HTTP][39m [90m[39m
[35m[HTTP][39m [37m-->[39m [37mPOST[39m [37m/wd/hub/session/d2f58df4-8d6d-44cc-905c-29af63c8718e/elements[39m
[35m[HTTP][39m [90m{"using":"xpath","value":"//*[@class = 'android.widget.ImageButton' and @resource-id = 'com.google.android.calculator:id/eq' and (@text = '' or . = '')]"}[39m
[35m[HTTP][39m [37m<-- POST /wd/hub/session/d2f58df4-8d6d-44cc-905c-29af63c8718e/elements [39m[32m200[39m [90m55 ms - 139[39m
[35m[HTTP][39m [90m[39m
[35m[HTTP][39m [37m-->[39m [37mGET[39m [37m/wd/hub/session/d2f58df4-8d6d-44cc-905c-29af63c8718e/window/rect[39m
[35m[HTTP][39m [90m{}[39m
[35m[HTTP][39m [37m<-- GET /wd/hub/session/d2f58df4-8d6d-44cc-905c-29af63c8718e/window/rect [39m[32m200[39m [90m21 ms - 50[39m
[35m[HTTP][39m [90m[39m
[35m[HTTP][39m [37m-->[39m [37mPOST[39m [37m/wd/hub/session/d2f58df4-8d6d-44cc-905c-29af63c8718e/elements[39m
[35m[HTTP][39m [90m{"using":"xpath","value":"//*[@class = 'android.widget.ImageButton' and @resource-id = 'com.google.android.calculator:id/eq' and (@text = '' or . = '')]"}[39m
[35m[HTTP][39m [37m<-- POST /wd/hub/session/d2f58df4-8d6d-44cc-905c-29af63c8718e/elements [39m[32m200[39m [90m74 ms - 139[39m
[35m[HTTP][39m [90m[39m
[35m[HTTP][39m [37m-->[39m [37mGET[39m [37m/wd/hub/session/d2f58df4-8d6d-44cc-905c-29af63c8718e/element/00000000-0000-003c-ffff-ffff00000068/location[39m
[35m[HTTP][39m [90m{}[39m
[35m[W3C (d2f58df4)][39m Driver proxy active, passing request on via HTTP proxy
[35m[WD Proxy][39m Replacing sessionId b0781013-8173-4ea1-9556-9fd3b9b9ee74 with d2f58df4-8d6d-44cc-905c-29af63c8718e
[35m[HTTP][39m [37m<-- GET /wd/hub/session/d2f58df4-8d6d-44cc-905c-29af63c8718e/element/00000000-0000-003c-ffff-ffff00000068/location [39m[32m200[39m [90m21 ms - 79[39m
[35m[HTTP][39m [90m[39m
[35m[HTTP][39m [37m-->[39m [37mPOST[39m [37m/wd/hub/session/d2f58df4-8d6d-44cc-905c-29af63c8718e/element/00000000-0000-003c-ffff-ffff00000068/click[39m
[35m[HTTP][39m [90m{"id":"00000000-0000-003c-ffff-ffff00000068"}[39m
[35m[HTTP][39m [37m<-- POST /wd/hub/session/d2f58df4-8d6d-44cc-905c-29af63c8718e/element/00000000-0000-003c-ffff-ffff00000068/click [39m[32m200[39m [90m1084 ms - 14[39m
[35m[HTTP][39m [90m[39m
[35m[HTTP][39m [37m-->[39m [37mGET[39m [37m/wd/hub/session/d2f58df4-8d6d-44cc-905c-29af63c8718e/source[39m
[35m[HTTP][39m [90m{}[39m
[35m[W3C (d2f58df4)][39m Driver proxy active, passing request on via HTTP proxy
[35m[WD Proxy][39m Replacing sessionId b0781013-8173-4ea1-9556-9fd3b9b9ee74 with d2f58df4-8d6d-44cc-905c-29af63c8718e
[35m[HTTP][39m [37m<-- GET /wd/hub/session/d2f58df4-8d6d-44cc-905c-29af63c8718e/source [39m[32m200[39m [90m51 ms - 18975[39m
[35m[HTTP][39m [90m[39m
[35m[HTTP][39m [37m-->[39m [37mGET[39m [37m/wd/hub/session/d2f58df4-8d6d-44cc-905c-29af63c8718e/screenshot[39m
[35m[HTTP][39m [90m{}[39m
[35m[HTTP][39m [37m<-- GET /wd/hub/session/d2f58df4-8d6d-44cc-905c-29af63c8718e/screenshot [39m[32m200[39m [90m380 ms - 141982[39m
[35m[HTTP][39m [90m[39m
[35m[HTTP][39m [37m-->[39m [37mGET[39m [37m/wd/hub/session/d2f58df4-8d6d-44cc-905c-29af63c8718e/screenshot[39m
[35m[HTTP][39m [90m{}[39m
[35m[HTTP][39m [37m<-- GET /wd/hub/session/d2f58df4-8d6d-44cc-905c-29af63c8718e/screenshot [39m[32m200[39m [90m369 ms - 141982[39m
[35m[HTTP][39m [90m[39m
[35m[HTTP][39m [37m-->[39m [37mGET[39m [37m/wd/hub/session/d2f58df4-8d6d-44cc-905c-29af63c8718e/source[39m
[35m[HTTP][39m [90m{}[39m
[35m[W3C (d2f58df4)][39m Driver proxy active, passing request on via HTTP proxy
[35m[WD Proxy][39m Replacing sessionId b0781013-8173-4ea1-9556-9fd3b9b9ee74 with d2f58df4-8d6d-44cc-905c-29af63c8718e
[35m[HTTP][39m [37m<-- GET /wd/hub/session/d2f58df4-8d6d-44cc-905c-29af63c8718e/source [39m[32m200[39m [90m193 ms - 18975[39m
[35m[HTTP][39m [90m[39m
[35m[HTTP][39m [37m-->[39m [37mGET[39m [37m/wd/hub/session/d2f58df4-8d6d-44cc-905c-29af63c8718e/screenshot[39m
[35m[HTTP][39m [90m{}[39m
[35m[HTTP][39m [37m<-- GET /wd/hub/session/d2f58df4-8d6d-44cc-905c-29af63c8718e/screenshot [39m[32m200[39m [90m644 ms - 141530[39m
[35m[HTTP][39m [90m[39m
[35m[HTTP][39m [37m-->[39m [37mDELETE[39m [37m/wd/hub/session/d2f58df4-8d6d-44cc-905c-29af63c8718e[39m
[35m[HTTP][39m [90m{}[39m
[35m[Appium][39m Removing session d2f58df4-8d6d-44cc-905c-29af63c8718e from our master session list
[35m[UiAutomator2][39m Restoring hidden api policy to the device default configuration
[35m[HTTP][39m [37m<-- DELETE /wd/hub/session/d2f58df4-8d6d-44cc-905c-29af63c8718e [39m[32m200[39m [90m459 ms - 14[39m
[35m[HTTP][39m [90m[39m
